[DEBUG] src/sim_thread.c:sim_thread():29: Thread de simulação iniciada.
[DEBUG] src/sim_thread.c:sim_thread():88: [DEBUG] src/linearization_thread.c:linearization_thread():27: [DEBUG] src/ref_generator_thread.c:ref_generator_thread():30: Thread de referência iniciada.
[DEBUG] src/ref_generator_thread.c:ref_generator_thread():58: Referência atualizada: t=0.00 → xref=1.59, yref=0.00
[DEBUG] src/control_thread.c:control_thread():25: Thread de controle iniciada.
[DEBUG] src/control_thread.c:control_thread():82: Thread de linearização iniciada.
[DEBUG] src/linearization_thread.c:linearization_thread():71: Linearização: theta=0.00, v=(-0.90, 0.00) → u=(-0.90, 0.00)
[DEBUG] src/logger_thread.c:logger_thread():23: Thread de registro iniciada.
[DEBUG] src/model_ref_x_thread.c:model_ref_x_thread():23: Thread modelo de referência X iniciada.
Simulação: x=(0.00, 0.00, 0.00), y=(0.30, 0.00)
[DEBUG] src/model_ref_y_thread.c:model_ref_y_thread():23: Thread modelo de referência Y iniciada.
[DEBUG] src/model_ref_y_thread.c:model_ref_y_thread():68: Modelo Y: yref=0.00, ymy=0.00, dymy=0.00
[DEBUG] src/model_ref_x_thread.c:model_ref_x_thread():68: Modelo X: xref=1.59, ymx=0.24, dymx=4.77
Controle atualizado: v=(-0.90, 0.00), ym=(0.00, 0.00), y=(0.30, 0.00)
[DEBUG] src/sim_thread.c:sim_thread():88: Simulação: x=(-0.03, 0.00, 0.00), y=(0.27, 0.00)
[DEBUG] src/linearization_thread.c:linearization_thread():71: Linearização: theta=0.00, v=(-0.90, 0.00) → u=(-0.90, 0.00)
[DEBUG] src/control_thread.c:control_thread():82: [DEBUG] src/model_ref_x_thread.c:model_ref_x_thread():68: Modelo X: xref=1.59, ymx=0.44, dymx=4.06
[DEBUG] src/model_ref_y_thread.c:model_ref_y_thread():68: Modelo Y: yref=0.00, ymy=0.00, dymy=0.00
Controle atualizado: v=(1.00, 0.00), ym=(0.24, 0.00), y=(0.27, 0.00)
[DEBUG] src/sim_thread.c:sim_thread():88: Simulação: x=(-0.05, 0.00, 0.00), y=(0.25, 0.00)
[DEBUG] src/linearization_thread.c:linearization_thread():71: Linearização: theta=0.00, v=(1.00, 0.00) → u=(1.00, 0.00)
[DEBUG] src/sim_thread.c:sim_thread():88: Simulação: x=(-0.02, 0.00, 0.00), y=(0.28, 0.00)
[DEBUG] src/linearization_thread.c:linearization_thread():71: Linearização: theta=0.00, v=(1.00, 0.00) → u=(1.00, 0.00)
[DEBUG] src/control_thread.c:control_thread():82: Controle atualizado: v=(1.00, 0.00), ym=(0.44, 0.00), y=(0.28, 0.00)
[DEBUG] src/model_ref_x_thread.c:model_ref_x_thread():68: Modelo X: xref=1.59, ymx=0.61, dymx=3.45
[DEBUG] src/model_ref_y_thread.c:model_ref_y_thread():68: Modelo Y: yref=0.00, ymy=0.00, dymy=0.00
[DEBUG] src/sim_thread.c:sim_thread():88: Simulação: x=(0.01, 0.00, 0.00), y=(0.31, 0.00)
[DEBUG] src/ref_generator_thread.c:ref_generator_thread():58: Referência atualizada: t=0.10 → xref=1.59, yref=0.10
[DEBUG] src/linearization_thread.c:linearization_thread():71: Linearização: theta=0.00, v=(1.00, 0.00) → u=(1.00, 0.00)
[DEBUG] src/sim_thread.c:sim_thread():88: [DEBUG] src/control_thread.c:control_thread():82: Simulação: x=(0.04, 0.00, 0.00), y=(0.34, 0.00)
Controle atualizado: v=(1.00, 0.00), ym=(0.61, 0.00), y=(0.34, 0.00)
[DEBUG] src/linearization_thread.c:linearization_thread():71: [DEBUG] src/model_ref_x_thread.c:model_ref_x_thread():68: Modelo X: xref=1.59, ymx=0.76, dymx=2.92
Linearização: theta=0.00, v=(1.00, 0.00) → u=(1.00, 0.00)
[DEBUG] src/model_ref_y_thread.c:model_ref_y_thread():68: Modelo Y: yref=0.10, ymy=0.01, dymy=0.30
[DEBUG] src/sim_thread.c:sim_thread():88: Simulação: x=(0.07, 0.00, 0.00), y=(0.37, 0.00)
[DEBUG] src/linearization_thread.c:linearization_thread():71: Linearização: theta=0.00, v=(1.00, 0.00) → u=(1.00, 0.00)
[DEBUG] src/control_thread.c:control_thread():82: Controle atualizado: v=(1.00, 0.34), ym=(0.76, 0.01), y=(0.37, 0.00)
[DEBUG] src/model_ref_x_thread.c:model_ref_x_thread():68: Modelo X: xref=1.59, ymx=0.88, dymx=2.48
[DEBUG] src/model_ref_y_thread.c:model_ref_y_thread():68: Modelo Y: yref=0.10, ymy=0.03, dymy=0.25
[DEBUG] src/sim_thread.c:sim_thread():88: Simulação: x=(0.10, 0.00, 0.00), y=(0.40, 0.00)
[DEBUG] src/linearization_thread.c:linearization_thread():71: Linearização: theta=0.00, v=(1.00, 0.34) → u=(1.00, 1.15)
[DEBUG] src/sim_thread.c:sim_thread():88: Simulação: x=(0.13, 0.00, 0.03), y=(0.43, 0.01)
[DEBUG] src/ref_generator_thread.c:ref_generator_thread():58: Referência atualizada: t=0.20 → xref=1.58, yref=0.20
[DEBUG] src/linearization_thread.c:linearization_thread():71: Linearização: theta=0.03, v=(1.00, 0.34) → u=(1.00, 1.03)
[DEBUG] src/control_thread.c:control_thread():82: Controle atualizado: v=(1.00, 0.31), ym=(0.88, 0.03), y=(0.43, 0.01)
[DEBUG] src/model_ref_x_thread.c:model_ref_x_thread():68: Modelo X: xref=1.58, ymx=0.99, dymx=2.08
[DEBUG] src/model_ref_y_thread.c:model_ref_y_thread():68: Modelo Y: yref=0.20, ymy=0.05, dymy=0.52
[DEBUG] src/sim_thread.c:sim_thread():88: Simulação: x=(0.16, 0.00, 0.07), y=(0.46, 0.02)
[DEBUG] src/linearization_thread.c:linearization_thread():71: Linearização: theta=0.07, v=(1.00, 0.31) → u=(1.00, 0.80)
[DEBUG] src/control_thread.c:control_thread():82: [DEBUG] src/linearization_thread.c:linearization_thread():71: Linearização: theta=0.09, v=(1.00, 0.59) → u=(1.00, 1.65)
Controle atualizado: v=(1.00, 0.59), ym=(0.99, 0.05), y=(0.48, 0.03)
[DEBUG] src/model_ref_x_thread.c:model_ref_x_thread():68: Modelo X: xref=1.58, ymx=1.08, dymx=1.77
[DEBUG] src/sim_thread.c:sim_thread():88: Simulação: x=(0.19, 0.00, 0.09), y=(0.48, 0.03)
[DEBUG] src/model_ref_y_thread.c:model_ref_y_thread():68: Modelo Y: yref=0.20, ymy=0.08, dymy=0.44
[DEBUG] src/sim_thread.c:sim_thread():88: Simulação: x=(0.22, 0.01, 0.14), y=(0.51, 0.05)
[DEBUG] src/linearization_thread.c:linearization_thread():71: Linearização: theta=0.14, v=(1.00, 0.59) → u=(1.00, 1.47)
[DEBUG] src/control_thread.c:control_thread():82: Controle atualizado: v=(1.00, 0.52), ym=(1.08, 0.08), y=(0.51, 0.05)
[DEBUG] src/model_ref_x_thread.c:model_ref_x_thread():68: Modelo X: xref=1.58, ymx=1.15, dymx=1.51
[DEBUG] src/model_ref_y_thread.c:model_ref_y_thread():68: Modelo Y: yref=0.20, ymy=0.09, dymy=0.37
[DEBUG] src/sim_thread.c:sim_thread():88: Simulação: x=(0.25, 0.01, 0.18), y=(0.54, 0.06)
[DEBUG] src/ref_generator_thread.c:ref_generator_thread():58: Referência atualizada: t=0.30 → xref=1.56, yref=0.30
[DEBUG] src/linearization_thread.c:linearization_thread():71: Linearização: theta=0.18, v=(1.00, 0.52) → u=(1.00, 1.10)
[DEBUG] src/sim_thread.c:sim_thread():88: Simulação: x=(0.28, 0.02, 0.22), y=(0.57, 0.08)
[DEBUG] src/linearization_thread.c:linearization_thread():71: Linearização: theta=0.22, v=(1.00, 0.52) → u=(1.00, 0.99)
[DEBUG] src/control_thread.c:control_thread():82: [DEBUG] src/model_ref_y_thread.c:model_ref_y_thread():68: Modelo Y: yref=0.30, ymy=0.12, dymy=0.61
Controle atualizado: v=(1.00, 0.42), ym=(1.15, 0.09), y=(0.57, 0.08)
[DEBUG] src/model_ref_x_thread.c:model_ref_x_thread():68: Modelo X: xref=1.56, ymx=1.21, dymx=1.23
[DEBUG] src/sim_thread.c:sim_thread():88: Simulação: x=(0.30, 0.02, 0.25), y=(0.60, 0.09)
[DEBUG] src/linearization_thread.c:linearization_thread():71: Linearização: theta=0.25, v=(1.00, 0.42) → u=(1.00, 0.53)
[DEBUG] src/linearization_thread.c:linearization_thread():71: [DEBUG] src/sim_thread.c:sim_thread():88: Simulação: x=(0.33, 0.03, 0.26), y=(0.62, 0.11)
[DEBUG] src/control_thread.c:control_thread():82: [DEBUG] src/model_ref_y_thread.c:model_ref_y_thread():68: Modelo Y: yref=0.30, ymy=0.15, dymy=0.52
[DEBUG] src/model_ref_x_thread.c:model_ref_x_thread():68: Modelo X: xref=1.56, ymx=1.27, dymx=1.05
Controle atualizado: v=(1.00, 0.67), ym=(1.21, 0.12), y=(0.62, 0.11)
Linearização: theta=0.25, v=(1.00, 0.42) → u=(1.00, 0.53)
[DEBUG] src/sim_thread.c:sim_thread():88: [DEBUG] src/ref_generator_thread.c:ref_generator_thread():58: Referência atualizada: t=0.40 → xref=1.54, yref=0.40
[DEBUG] src/linearization_thread.c:linearization_thread():71: Linearização: theta=0.28, v=(1.00, 0.67) → u=(1.00, 1.22)
Simulação: x=(0.36, 0.04, 0.28), y=(0.65, 0.12)
[DEBUG] src/control_thread.c:control_thread():82: Controle atualizado: v=(1.00, 0.62), ym=(1.27, 0.15), y=(0.65, 0.12)
[DEBUG] src/model_ref_y_thread.c:model_ref_y_thread():68: Modelo Y: yref=0.40, ymy=0.19, dymy=0.74
[DEBUG] src/model_ref_x_thread.c:model_ref_x_thread():68: Modelo X: xref=1.54, ymx=1.31, dymx=0.83
[DEBUG] src/sim_thread.c:sim_thread():88: Simulação: x=(0.39, 0.05, 0.31), y=(0.68, 0.14)
[DEBUG] src/linearization_thread.c:linearization_thread():71: Linearização: theta=0.31, v=(1.00, 0.62) → u=(1.00, 0.92)
[DEBUG] src/sim_thread.c:sim_thread():88: Simulação: x=(0.42, 0.05, 0.34), y=(0.70, 0.15)
[DEBUG] src/linearization_thread.c:linearization_thread():71: Linearização: theta=0.34, v=(1.00, 0.62) → u=(1.00, 0.82)
[DEBUG] src/control_thread.c:control_thread():82: Controle atualizado: v=(1.00, 0.83), ym=(1.31, 0.19), y=(0.70, 0.15)
[DEBUG] src/model_ref_y_thread.c:model_ref_y_thread():68: Modelo Y: yref=0.40, ymy=0.22, dymy=0.63
[DEBUG] src/model_ref_x_thread.c:model_ref_x_thread():68: Modelo X: xref=1.54, ymx=1.34, dymx=0.70
[DEBUG] src/sim_thread.c:sim_thread():88: Simulação: x=(0.45, 0.06, 0.37), y=(0.73, 0.17)
[DEBUG] src/linearization_thread.c:linearization_thread():71: Linearização: theta=0.37, v=(1.00, 0.83) → u=(1.00, 1.40)
[DEBUG] src/sim_thread.c:sim_thread():88: [DEBUG] src/linearization_thread.c:linearization_thread():71: Linearização: theta=0.41, v=(1.00, 0.83) → u=(1.00, 1.22)
[DEBUG] src/ref_generator_thread.c:ref_generator_thread():58: Simulação: x=(0.48, 0.08, 0.41), y=(0.75, 0.19)
[DEBUG] src/model_ref_y_thread.c:model_ref_y_thread():68: Modelo Y: yref=0.49, ymy=0.26, dymy=0.82
Referência atualizada: t=0.50 → xref=1.51, yref=0.49
[DEBUG] src/control_thread.c:control_thread():82: [DEBUG] src/model_ref_x_thread.c:model_ref_x_thread():68: Modelo X: xref=1.51, ymx=1.37, dymx=0.51
Controle atualizado: v=(1.00, 0.70), ym=(1.34, 0.22), y=(0.75, 0.19)
[DEBUG] src/sim_thread.c:sim_thread():88: Simulação: x=(0.50, 0.09, 0.45), y=(0.77, 0.22)
[DEBUG] src/linearization_thread.c:linearization_thread():71: Linearização: theta=0.45, v=(1.00, 0.70) → u=(1.00, 0.67)
[DEBUG] src/control_thread.c:control_thread():82: Controle atualizado: v=(1.00, 0.95), ym=(1.37, 0.26), y=(0.77, 0.22)
[DEBUG] src/model_ref_x_thread.c:model_ref_x_thread():68: [DEBUG] src/model_ref_y_thread.c:model_ref_y_thread():68: Modelo Y: yref=0.49, ymy=0.29, dymy=0.70
Modelo X: xref=1.51, ymx=1.39, dymx=0.44
[DEBUG] src/sim_thread.c:sim_thread():88: Simulação: x=(0.53, 0.10, 0.47), y=(0.80, 0.23)
[DEBUG] src/linearization_thread.c:linearization_thread():71: Linearização: theta=0.47, v=(1.00, 0.95) → u=(1.00, 1.33)
[DEBUG] src/sim_thread.c:sim_thread():88: Simulação: x=(0.56, 0.11, 0.51), y=(0.82, 0.26)
[DEBUG] src/linearization_thread.c:linearization_thread():71: Linearização: theta=0.51, v=(1.00, 0.95) → u=(1.00, 1.16)
[DEBUG] src/control_thread.c:control_thread():82: Controle atualizado: v=(1.00, 0.80), ym=(1.39, 0.29), y=(0.82, 0.26)
[DEBUG] src/model_ref_x_thread.c:model_ref_x_thread():68: Modelo X: xref=1.51, ymx=1.41, dymx=0.37
[DEBUG] src/model_ref_y_thread.c:model_ref_y_thread():68: Modelo Y: yref=0.49, ymy=0.32, dymy=0.59
[DEBUG] src/sim_thread.c:sim_thread():88: [DEBUG] src/linearization_thread.c:linearization_thread():71: Linearização: theta=0.51, v=(1.00, 0.80) → u=(1.00, 0.73)
[DEBUG] src/ref_generator_thread.c:ref_generator_thread():58: Referência atualizada: t=0.70 → xref=1.44, yref=0.68
Simulação: x=(0.58, 0.13, 0.54), y=(0.84, 0.28)
[DEBUG] src/sim_thread.c:sim_thread():88: Simulação: x=(0.61, 0.14, 0.56), y=(0.86, 0.30)
[DEBUG] src/linearization_thread.c:linearization_thread():71: [DEBUG] src/control_thread.c:control_thread():82: Controle atualizado: v=(1.00, 0.65), ym=(1.41, 0.32), y=(0.86, 0.30)
Linearização: theta=0.56, v=(1.00, 0.65) → u=(1.00, 0.07)
[DEBUG] src/model_ref_x_thread.c:model_ref_x_thread():68: Modelo X: xref=1.44, ymx=1.41, dymx=0.09
[DEBUG] src/model_ref_y_thread.c:model_ref_y_thread():68: Modelo Y: yref=0.68, ymy=0.38, dymy=1.06
[DEBUG] src/sim_thread.c:sim_thread():88: Simulação: x=(0.63, 0.16, 0.56), y=(0.89, 0.32)
[DEBUG] src/linearization_thread.c:linearization_thread():71: Linearização: theta=0.56, v=(1.00, 0.65) → u=(1.00, 0.06)
[DEBUG] src/control_thread.c:control_thread():82: [DEBUG] src/model_ref_x_thread.c:model_ref_x_thread():68: [DEBUG] src/model_ref_y_thread.c:model_ref_y_thread():68: Modelo Y: yref=0.68, ymy=0.42, dymy=0.90
Controle atualizado: v=(1.00, 1.00), ym=(1.41, 0.38), y=(0.89, 0.32)
Modelo X: xref=1.44, ymx=1.42, dymx=0.08
[DEBUG] src/sim_thread.c:sim_thread():88: Simulação: x=(0.66, 0.18, 0.57), y=(0.91, 0.34)
[DEBUG] src/linearization_thread.c:linearization_thread():71: Linearização: theta=0.57, v=(1.00, 1.00) → u=(1.00, 1.03)
[DEBUG] src/sim_thread.c:sim_thread():88: [DEBUG] src/ref_generator_thread.c:ref_generator_thread():58: Referência atualizada: t=0.80 → xref=1.39, yref=0.77
[DEBUG] src/linearization_thread.c:linearization_thread():71: Linearização: theta=0.60, v=(1.00, 1.00) → u=(1.00, 0.88)
Simulação: x=(0.69, 0.19, 0.60), y=(0.93, 0.36)
[DEBUG] src/control_thread.c:control_thread():82: [DEBUG] src/model_ref_x_thread.c:model_ref_x_thread():68: Controle atualizado: v=(1.00, 1.00), ym=(1.42, 0.42), y=(0.93, 0.36)
[DEBUG] src/model_ref_y_thread.c:model_ref_y_thread():68: Modelo Y: yref=0.77, ymy=0.47, dymy=1.03
Modelo X: xref=1.39, ymx=1.41, dymx=-0.07
[DEBUG] src/sim_thread.c:sim_thread():88: Simulação: x=(0.71, 0.21, 0.62), y=(0.95, 0.38)
[DEBUG] src/linearization_thread.c:linearization_thread():71: Linearização: theta=0.62, v=(1.00, 1.00) → u=(1.00, 0.76)
[DEBUG] src/control_thread.c:control_thread():82: [DEBUG] src/linearization_thread.c:linearization_thread():71: Linearização: theta=0.65, v=(1.00, 1.00) → u=(1.00, 0.65)
[DEBUG] src/sim_thread.c:sim_thread():88: Simulação: x=(0.73, 0.23, 0.65), y=(0.97, 0.41)
[DEBUG] src/model_ref_x_thread.c:model_ref_x_thread():68: Modelo X: xref=1.39, ymx=1.41, dymx=-0.06
[DEBUG] src/model_ref_y_thread.c:model_ref_y_thread():68: Modelo Y: yref=0.77, ymy=0.52, dymy=0.88
Controle atualizado: v=(1.00, 1.00), ym=(1.41, 0.47), y=(0.95, 0.38)
[DEBUG] src/sim_thread.c:sim_thread():88: Simulação: x=(0.76, 0.24, 0.67), y=(0.99, 0.43)
[DEBUG] src/linearization_thread.c:linearization_thread():71: Linearização: theta=0.67, v=(1.00, 1.00) → u=(1.00, 0.56)
[DEBUG] src/control_thread.c:control_thread():82: [DEBUG] src/model_ref_x_thread.c:model_ref_x_thread():68: Modelo X: xref=1.39, ymx=1.41, dymx=-0.05
[DEBUG] src/model_ref_y_thread.c:model_ref_y_thread():68: Modelo Y: yref=0.77, ymy=0.56, dymy=0.75
Controle atualizado: v=(1.00, 1.00), ym=(1.41, 0.52), y=(0.99, 0.43)
[DEBUG] src/linearization_thread.c:linearization_thread():71: [DEBUG] src/ref_generator_thread.c:ref_generator_thread():58: [DEBUG] src/sim_thread.c:sim_thread():88: Simulação: x=(0.78, 0.26, 0.68), y=(1.02, 0.45)
Referência atualizada: t=0.90 → xref=1.34, yref=0.85
Linearização: theta=0.67, v=(1.00, 1.00) → u=(1.00, 0.56)
[DEBUG] src/sim_thread.c:sim_thread():88: [DEBUG] src/linearization_thread.c:linearization_thread():71: Linearização: theta=0.70, v=(1.00, 1.00) → u=(1.00, 0.40)
Simulação: x=(0.81, 0.28, 0.70), y=(1.04, 0.47)
[DEBUG] src/control_thread.c:control_thread():82: [DEBUG] src/model_ref_y_thread.c:model_ref_y_thread():68: Modelo Y: yref=0.85, ymy=0.60, dymy=0.89
Controle atualizado: v=(1.00, 0.99), ym=(1.41, 0.56), y=(1.04, 0.47)
[DEBUG] src/model_ref_x_thread.c:model_ref_x_thread():68: Modelo X: xref=1.34, ymx=1.40, dymx=-0.19
[DEBUG] src/sim_thread.c:sim_thread():88: Simulação: x=(0.83, 0.30, 0.71), y=(1.06, 0.50)
[DEBUG] src/linearization_thread.c:linearization_thread():71: Linearização: theta=0.71, v=(1.00, 0.99) → u=(1.00, 0.32)
[DEBUG] src/sim_thread.c:sim_thread():88: Simulação: x=(0.85, 0.32, 0.72), y=(1.08, 0.52)
[DEBUG] src/control_thread.c:control_thread():82: Controle atualizado: v=(0.77, 1.00), ym=(1.40, 0.60), y=(1.08, 0.52)
[DEBUG] src/linearization_thread.c:linearization_thread():71: Linearização: theta=0.72, v=(0.77, 1.00) → u=(1.00, 0.80)
[DEBUG] src/model_ref_x_thread.c:model_ref_x_thread():68: Modelo X: xref=1.34, ymx=1.39, dymx=-0.17
[DEBUG] src/model_ref_y_thread.c:model_ref_y_thread():68: Modelo Y: yref=0.85, ymy=0.64, dymy=0.76
[DEBUG] src/sim_thread.c:sim_thread():88: [DEBUG] src/ref_generator_thread.c:ref_generator_thread():58: Referência atualizada: t=1.00 → xref=1.29, yref=0.94
Simulação: x=(0.87, 0.34, 0.75), y=(1.09, 0.54)
[DEBUG] src/linearization_thread.c:linearization_thread():71: Linearização: theta=0.75, v=(0.77, 1.00) → u=(1.00, 0.70)
[DEBUG] src/control_thread.c:control_thread():82: Controle atualizado: v=(0.72, 1.00), ym=(1.39, 0.64), y=(1.09, 0.54)
[DEBUG] src/model_ref_y_thread.c:model_ref_y_thread():68: Modelo Y: yref=0.94, ymy=0.68, dymy=0.89
[DEBUG] src/model_ref_x_thread.c:model_ref_x_thread():68: Modelo X: xref=1.29, ymx=1.38, dymx=-0.31
[DEBUG] src/sim_thread.c:sim_thread():88: Simulação: x=(0.90, 0.36, 0.77), y=(1.11, 0.57)
[DEBUG] src/linearization_thread.c:linearization_thread():71: Linearização: theta=0.77, v=(0.72, 1.00) → u=(1.00, 0.73)
[DEBUG] src/sim_thread.c:sim_thread():88: Simulação: x=(0.92, 0.38, 0.79), y=(1.13, 0.59)
[DEBUG] src/linearization_thread.c:linearization_thread():71: Linearização: theta=0.79, v=(0.72, 1.00) → u=(1.00, 0.64)
[DEBUG] src/control_thread.c:control_thread():82: Controle atualizado: v=(0.43, 1.00), ym=(1.38, 0.68), y=(1.13, 0.59)
[DEBUG] src/model_ref_y_thread.c:model_ref_y_thread():68: Modelo Y: yref=0.94, ymy=0.72, dymy=0.76
[DEBUG] src/model_ref_x_thread.c:model_ref_x_thread():68: Modelo X: xref=1.29, ymx=1.36, dymx=-0.26
[DEBUG] src/sim_thread.c:sim_thread():88: Simulação: x=(0.94, 0.40, 0.81), y=(1.15, 0.62)
[DEBUG] src/linearization_thread.c:linearization_thread():71: Linearização: theta=0.81, v=(0.43, 1.00) → u=(1.00, 1.27)
[DEBUG] src/sim_thread.c:sim_thread():88: [DEBUG] src/ref_generator_thread.c:ref_generator_thread():58: [DEBUG] src/linearization_thread.c:linearization_thread():71: Linearização: theta=0.85, v=(0.43, 1.00) → u=(1.00, 1.14)
[DEBUG] src/control_thread.c:control_thread():82: Controle atualizado: v=(0.35, 0.97), ym=(1.36, 0.72), y=(1.16, 0.65)
Simulação: x=(0.96, 0.42, 0.85), y=(1.16, 0.65)
Referência atualizada: t=1.10 → xref=1.23, yref=1.01
[DEBUG] src/model_ref_x_thread.c:model_ref_x_thread():68: Modelo X: xref=1.23, ymx=1.34, dymx=-0.41
[DEBUG] src/model_ref_y_thread.c:model_ref_y_thread():68: Modelo Y: yref=1.01, ymy=0.76, dymy=0.88
[DEBUG] src/sim_thread.c:sim_thread():88: Simulação: x=(0.98, 0.45, 0.88), y=(1.17, 0.68)
[DEBUG] src/linearization_thread.c:linearization_thread():71: Linearização: theta=0.88, v=(0.35, 0.97) → u=(0.97, 1.18)
[DEBUG] src/control_thread.c:control_thread():82: Controle atualizado: v=(0.11, 1.00), ym=(1.34, 0.76), y=(1.17, 0.68)
[DEBUG] src/model_ref_x_thread.c:model_ref_x_thread():68: Modelo X: xref=1.23, ymx=1.32, dymx=-0.35
[DEBUG] src/model_ref_y_thread.c:model_ref_y_thread():68: Modelo Y: yref=1.01, ymy=0.80, dymy=0.75
[DEBUG] src/sim_thread.c:sim_thread():88: [DEBUG] src/linearization_thread.c:linearization_thread():71: Linearização: theta=0.91, v=(0.11, 1.00) → u=(0.86, 1.75)
Simulação: x=(1.00, 0.47, 0.91), y=(1.18, 0.71)
[DEBUG] src/sim_thread.c:sim_thread():88: Simulação: x=(1.01, 0.49, 0.97), y=(1.18, 0.74)
[DEBUG] src/linearization_thread.c:linearization_thread():71: Linearização: theta=0.97, v=(0.11, 1.00) → u=(0.88, 1.60)
[DEBUG] src/control_thread.c:control_thread():82: Controle atualizado: v=(0.08, 0.95), ym=(1.32, 0.80), y=(1.18, 0.74)
[DEBUG] src/model_ref_x_thread.c:model_ref_x_thread():68: [DEBUG] src/model_ref_y_thread.c:model_ref_y_thread():68: Modelo Y: yref=1.01, ymy=0.83, dymy=0.64
Modelo X: xref=1.23, ymx=1.31, dymx=-0.29
[DEBUG] src/sim_thread.c:sim_thread():88: [DEBUG] src/ref_generator_thread.c:ref_generator_thread():58: Referência atualizada: t=1.30 → xref=1.09, yref=1.16
Simulação: x=(1.03, 0.51, 1.02), y=(1.19, 0.77)
[DEBUG] src/linearization_thread.c:linearization_thread():71: Linearização: theta=1.02, v=(0.08, 0.95) → u=(0.84, 1.45)
[DEBUG] src/sim_thread.c:sim_thread():88: Simulação: x=(1.04, 0.53, 1.06), y=(1.19, 0.79)
[DEBUG] src/control_thread.c:control_thread():82: Controle atualizado: v=(0.07, 0.76), ym=(1.31, 0.83), y=(1.19, 0.79)
[DEBUG] src/linearization_thread.c:linearization_thread():71: [DEBUG] src/model_ref_y_thread.c:model_ref_y_thread():68: Modelo Y: yref=1.16, ymy=0.88, dymy=0.98
[DEBUG] src/model_ref_x_thread.c:model_ref_x_thread():68: Modelo X: xref=1.09, ymx=1.28, dymx=-0.66
Linearização: theta=1.06, v=(0.07, 0.76) → u=(0.69, 1.04)
[DEBUG] src/sim_thread.c:sim_thread():88: Simulação: x=(1.05, 0.55, 1.09), y=(1.19, 0.82)
[DEBUG] src/linearization_thread.c:linearization_thread():71: Linearização: theta=1.09, v=(0.07, 0.76) → u=(0.70, 0.96)
[DEBUG] src/control_thread.c:control_thread():82: Controle atualizado: v=(-0.40, 1.00), ym=(1.28, 0.88), y=(1.19, 0.82)
[DEBUG] src/model_ref_y_thread.c:model_ref_y_thread():68: [DEBUG] src/model_ref_x_thread.c:model_ref_x_thread():68: Modelo X: xref=1.09, ymx=1.25, dymx=-0.56
Modelo Y: yref=1.16, ymy=0.92, dymy=0.83
[DEBUG] src/sim_thread.c:sim_thread():88: Simulação: x=(1.06, 0.57, 1.12), y=(1.19, 0.84)
[DEBUG] src/linearization_thread.c:linearization_thread():71: Linearização: theta=1.12, v=(-0.40, 1.00) → u=(0.72, 2.66)
[DEBUG] src/sim_thread.c:sim_thread():88: Simulação: x=(1.07, 0.59, 1.20), y=(1.18, 0.87)
[DEBUG] src/ref_generator_thread.c:ref_generator_thread():58: [DEBUG] src/linearization_thread.c:linearization_thread():71: Referência atualizada: t=1.40 → xref=1.01, yref=1.23
Linearização: theta=1.20, v=(-0.40, 1.00) → u=(0.79, 2.46)
[DEBUG] src/model_ref_x_thread.c:model_ref_x_thread():68: Modelo X: xref=1.01, ymx=1.21, dymx=-0.70
[DEBUG] src/model_ref_y_thread.c:model_ref_y_thread():68: Modelo Y: yref=1.23, ymy=0.97, dymy=0.91
[DEBUG] src/control_thread.c:control_thread():82: Controle atualizado: v=(-0.60, 1.00), ym=(1.21, 0.92), y=(1.18, 0.87)
[DEBUG] src/sim_thread.c:sim_thread():88: Simulação: x=(1.08, 0.61, 1.27), y=(1.17, 0.90)
[DEBUG] src/linearization_thread.c:linearization_thread():71: Linearização: theta=1.27, v=(-0.60, 1.00) → u=(0.78, 2.90)
[DEBUG] src/sim_thread.c:sim_thread():88: [DEBUG] src/control_thread.c:control_thread():82: Controle atualizado: v=(-0.51, 1.00), ym=(1.21, 0.97), y=(1.15, 0.93)
Simulação: x=(1.09, 0.63, 1.36), y=(1.15, 0.93)
[DEBUG] src/linearization_thread.c:linearization_thread():71: Linearização: theta=1.36, v=(-0.60, 1.00) → u=(0.85, 2.66)
[DEBUG] src/model_ref_y_thread.c:model_ref_y_thread():68: Modelo Y: yref=1.23, ymy=1.01, dymy=0.77
[DEBUG] src/model_ref_x_thread.c:model_ref_x_thread():68: Modelo X: xref=1.01, ymx=1.18, dymx=-0.60
[DEBUG] src/sim_thread.c:sim_thread():88: Simulação: x=(1.09, 0.66, 1.44), y=(1.13, 0.96)
[DEBUG] src/linearization_thread.c:linearization_thread():71: Linearização: theta=1.44, v=(-0.51, 1.00) → u=(0.92, 2.12)
[DEBUG] src/model_ref_x_thread.c:model_ref_x_thread():68: [DEBUG] src/model_ref_y_thread.c:model_ref_y_thread():68: Modelo Y: yref=1.23, ymy=1.04, dymy=0.65
[DEBUG] src/control_thread.c:control_thread():82: Controle atualizado: v=(-0.43, 0.91), ym=(1.16, 1.04), y=(1.13, 0.96)
Modelo X: xref=1.01, ymx=1.16, dymx=-0.51
[DEBUG] src/sim_thread.c:sim_thread():88: [DEBUG] src/ref_generator_thread.c:ref_generator_thread():58: Referência atualizada: t=1.50 → xref=0.94, yref=1.29
Simulação: x=(1.10, 0.69, 1.50), y=(1.12, 0.99)
[DEBUG] src/linearization_thread.c:linearization_thread():71: Linearização: theta=1.50, v=(-0.43, 0.91) → u=(0.88, 1.62)
[DEBUG] src/sim_thread.c:sim_thread():88: [DEBUG] src/linearization_thread.c:linearization_thread():71: Linearização: theta=1.55, v=(-0.43, 0.91) → u=(0.90, 1.48)
Simulação: x=(1.10, 0.71, 1.55), y=(1.10, 1.01)
[DEBUG] src/control_thread.c:control_thread():82: [DEBUG] src/model_ref_x_thread.c:model_ref_x_thread():68: [DEBUG] src/model_ref_y_thread.c:model_ref_y_thread():68: Modelo Y: yref=1.29, ymy=1.08, dymy=0.74
Controle atualizado: v=(-0.34, 0.74), ym=(1.16, 1.04), y=(1.10, 1.01)
Modelo X: xref=0.94, ymx=1.12, dymx=-0.67
[DEBUG] src/sim_thread.c:sim_thread():88: Simulação: x=(1.10, 0.74, 1.60), y=(1.09, 1.04)
[DEBUG] src/linearization_thread.c:linearization_thread():71: Linearização: theta=1.60, v=(-0.34, 0.74) → u=(0.75, 1.08)
[DEBUG] src/sim_thread.c:sim_thread():88: [DEBUG] src/control_thread.c:control_thread():82: [DEBUG] src/model_ref_x_thread.c:model_ref_x_thread():68: Modelo X: xref=0.94, ymx=1.10, dymx=-0.57
Simulação: x=(1.10, 0.76, 1.63), y=(1.08, 1.06)
Controle atualizado: v=(-0.52, 0.79), ym=(1.10, 1.08), y=(1.08, 1.06)
[DEBUG] src/model_ref_y_thread.c:model_ref_y_thread():68: Modelo Y: yref=1.29, ymy=1.11, dymy=0.63
[DEBUG] src/linearization_thread.c:linearization_thread():71: Linearização: theta=1.63, v=(-0.34, 0.74) → u=(0.76, 1.00)
[DEBUG] src/sim_thread.c:sim_thread():88: Simulação: x=(1.10, 0.78, 1.66), y=(1.07, 1.08)
[DEBUG] src/linearization_thread.c:linearization_thread():71: Linearização: theta=1.66, v=(-0.52, 0.79) → u=(0.83, 1.49)
[DEBUG] src/ref_generator_thread.c:ref_generator_thread():58: Referência atualizada: t=1.60 → xref=0.85, yref=1.34
[DEBUG] src/control_thread.c:control_thread():82: [DEBUG] src/model_ref_x_thread.c:model_ref_x_thread():68: Modelo X: xref=0.85, ymx=1.06, dymx=-0.73
[DEBUG] src/model_ref_y_thread.c:model_ref_y_thread():68: Modelo Y: yref=1.34, ymy=1.14, dymy=0.70
Controle atualizado: v=(-0.49, 0.89), ym=(1.10, 1.14), y=(1.07, 1.08)
[DEBUG] src/sim_thread.c:sim_thread():88: Simulação: x=(1.09, 0.81, 1.70), y=(1.05, 1.11)
[DEBUG] src/linearization_thread.c:linearization_thread():71: Linearização: theta=1.70, v=(-0.49, 0.89) → u=(0.94, 1.22)
[DEBUG] src/sim_thread.c:sim_thread():88: Simulação: x=(1.09, 0.84, 1.74), y=(1.04, 1.13)
[DEBUG] src/linearization_thread.c:linearization_thread():71: Linearização: theta=1.74, v=(-0.49, 0.89) → u=(0.96, 1.11)
[DEBUG] src/control_thread.c:control_thread():82: Controle atualizado: v=(-0.67, 0.74), ym=(1.06, 1.14), y=(1.04, 1.13)
[DEBUG] src/model_ref_x_thread.c:model_ref_x_thread():68: Modelo X: xref=0.85, ymx=1.03, dymx=-0.62
[DEBUG] src/model_ref_y_thread.c:model_ref_y_thread():68: Modelo Y: yref=1.34, ymy=1.17, dymy=0.60
[DEBUG] src/sim_thread.c:sim_thread():88: [DEBUG] src/linearization_thread.c:linearization_thread():71: Linearização: theta=1.77, v=(-0.67, 0.74) → u=(0.86, 1.69)
Simulação: x=(1.09, 0.87, 1.77), y=(1.03, 1.16)
[DEBUG] src/sim_thread.c:sim_thread():88: Simulação: x=(1.08, 0.89, 1.82), y=(1.01, 1.18)
[DEBUG] src/control_thread.c:control_thread():82: [DEBUG] src/model_ref_y_thread.c:model_ref_y_thread():68: Modelo Y: yref=1.39, ymy=1.21, dymy=0.66
[DEBUG] src/model_ref_x_thread.c:model_ref_x_thread():68: Modelo X: xref=0.77, ymx=0.99, dymx=-0.79
[DEBUG] src/linearization_thread.c:linearization_thread():71: Linearização: theta=1.82, v=(-0.55, 0.58) → u=(0.70, 1.29)
Controle atualizado: v=(-0.55, 0.58), ym=(1.03, 1.17), y=(1.01, 1.18)
[DEBUG] src/ref_generator_thread.c:ref_generator_thread():58: Referência atualizada: t=1.70 → xref=0.77, yref=1.39
[DEBUG] src/sim_thread.c:sim_thread():88: [DEBUG] src/linearization_thread.c:linearization_thread():71: Linearização: theta=1.86, v=(-0.55, 0.58) → u=(0.71, 1.20)
Simulação: x=(1.07, 0.91, 1.86), y=(0.99, 1.20)
[DEBUG] src/model_ref_x_thread.c:model_ref_x_thread():68: Modelo X: xref=0.77, ymx=0.96, dymx=-0.67
[DEBUG] src/control_thread.c:control_thread():82: Controle atualizado: v=(-0.77, 0.67), ym=(0.96, 1.24), y=(0.99, 1.20)
[DEBUG] src/model_ref_y_thread.c:model_ref_y_thread():68: Modelo Y: yref=1.39, ymy=1.24, dymy=0.56
[DEBUG] src/sim_thread.c:sim_thread():88: Simulação: x=(1.07, 0.93, 1.90), y=(0.97, 1.22)
[DEBUG] src/linearization_thread.c:linearization_thread():71: Linearização: theta=1.90, v=(-0.77, 0.67) → u=(0.88, 1.69)
[DEBUG] src/sim_thread.c:sim_thread():88: [DEBUG] src/linearization_thread.c:linearization_thread():71: Linearização: theta=1.95, v=(-0.77, 0.67) → u=(0.91, 1.54)
Simulação: x=(1.06, 0.96, 1.95), y=(0.95, 1.24)
[DEBUG] src/control_thread.c:control_thread():82: [DEBUG] src/model_ref_y_thread.c:model_ref_y_thread():68: Modelo Y: yref=1.39, ymy=1.26, dymy=0.48
[DEBUG] src/model_ref_x_thread.c:model_ref_x_thread():68: Modelo X: xref=0.77, ymx=0.93, dymx=-0.57
Controle atualizado: v=(-0.65, 0.56), ym=(0.96, 1.24), y=(0.95, 1.24)
[DEBUG] src/sim_thread.c:sim_thread():88: [DEBUG] src/linearization_thread.c:linearization_thread():71: Linearização: theta=2.00, v=(-0.65, 0.56) → u=(0.78, 1.19)
[DEBUG] src/ref_generator_thread.c:ref_generator_thread():58: Referência atualizada: t=1.90 → xref=0.59, yref=1.48
Simulação: x=(1.05, 0.98, 2.00), y=(0.93, 1.26)
[DEBUG] src/sim_thread.c:sim_thread():88: Simulação: x=(1.04, 1.00, 2.03), y=(0.91, 1.27)
[DEBUG] src/model_ref_x_thread.c:model_ref_x_thread():68: [DEBUG] src/control_thread.c:control_thread():82: [DEBUG] src/linearization_thread.c:linearization_thread():71: Linearização: theta=2.03, v=(-1.00, 0.44) → u=(0.84, 2.33)
[DEBUG] src/model_ref_y_thread.c:model_ref_y_thread():68: Modelo Y: yref=1.48, ymy=1.29, dymy=0.66
Controle atualizado: v=(-1.00, 0.44), ym=(0.88, 1.26), y=(0.91, 1.27)
Modelo X: xref=0.59, ymx=0.88, dymx=-1.03
[DEBUG] src/sim_thread.c:sim_thread():88: Simulação: x=(1.03, 1.03, 2.10), y=(0.88, 1.28)
[DEBUG] src/linearization_thread.c:linearization_thread():71: Linearização: theta=2.10, v=(-1.00, 0.44) → u=(0.89, 2.13)
[DEBUG] src/control_thread.c:control_thread():82: Controle atualizado: v=(-1.00, 0.69), ym=(0.88, 1.29), y=(0.88, 1.28)
[DEBUG] src/model_ref_x_thread.c:model_ref_x_thread():68: Modelo X: xref=0.59, ymx=0.83, dymx=-0.87
[DEBUG] src/model_ref_y_thread.c:model_ref_y_thread():68: Modelo Y: yref=1.48, ymy=1.32, dymy=0.56
[DEBUG] src/sim_thread.c:sim_thread():88: Simulação: x=(1.02, 1.05, 2.17), y=(0.85, 1.30)
[DEBUG] src/linearization_thread.c:linearization_thread():71: Linearização: theta=2.17, v=(-1.00, 0.69) → u=(1.00, 1.48)
[DEBUG] src/sim_thread.c:sim_thread():88: [DEBUG] src/linearization_thread.c:linearization_thread():71: Linearização: theta=2.21, v=(-1.00, 0.69) → u=(1.00, 1.31)
[DEBUG] src/ref_generator_thread.c:ref_generator_thread():58: Referência atualizada: t=2.00 → xref=0.49, yref=1.51
Simulação: x=(1.00, 1.07, 2.21), y=(0.82, 1.31)
[DEBUG] src/control_thread.c:control_thread():82: Controle atualizado: v=(-0.83, 0.58), ym=(0.83, 1.32), y=(0.82, 1.31)
[DEBUG] src/model_ref_x_thread.c:model_ref_x_thread():68: Modelo X: xref=0.49, ymx=0.78, dymx=-1.02
[DEBUG] src/model_ref_y_thread.c:model_ref_y_thread():68: Modelo Y: yref=1.51, ymy=1.35, dymy=0.58
[DEBUG] src/sim_thread.c:sim_thread():88: Simulação: x=(0.98, 1.10, 2.25), y=(0.79, 1.33)
[DEBUG] src/linearization_thread.c:linearization_thread():71: Linearização: theta=2.25, v=(-0.83, 0.58) → u=(0.98, 0.95)
[DEBUG] src/sim_thread.c:sim_thread():88: Simulação: x=(0.96, 1.12, 2.28), y=(0.77, 1.35)
[DEBUG] src/control_thread.c:control_thread():82: Controle atualizado: v=(-0.98, 0.58), ym=(0.78, 1.35), y=(0.77, 1.35)
[DEBUG] src/linearization_thread.c:linearization_thread():71: Linearização: theta=2.28, v=(-0.98, 0.58) → u=(1.00, 1.23)
[DEBUG] src/model_ref_x_thread.c:model_ref_x_thread():68: Modelo X: xref=0.49, ymx=0.74, dymx=-0.87
[DEBUG] src/model_ref_y_thread.c:model_ref_y_thread():68: Modelo Y: yref=1.51, ymy=1.37, dymy=0.49
[DEBUG] src/sim_thread.c:sim_thread():88: [DEBUG] src/linearization_thread.c:linearization_thread():71: Linearização: theta=2.31, v=(-0.98, 0.58) → u=(1.00, 1.09)
Simulação: x=(0.94, 1.14, 2.31), y=(0.74, 1.36)
[DEBUG] src/control_thread.c:control_thread():82: Controle atualizado: v=(-0.88, 0.52), ym=(0.74, 1.37), y=(0.74, 1.36)
[DEBUG] src/model_ref_x_thread.c:model_ref_x_thread():68: [DEBUG] src/model_ref_y_thread.c:model_ref_y_thread():68: Modelo X: xref=0.49, ymx=0.70, dymx=-0.74
Modelo Y: yref=1.51, ymy=1.40, dymy=0.42
[DEBUG] src/sim_thread.c:sim_thread():88: [DEBUG] src/ref_generator_thread.c:ref_generator_thread():58: Referência atualizada: t=2.10 → xref=0.40, yref=1.54
Simulação: x=(0.92, 1.17, 2.35), y=(0.71, 1.38)
[DEBUG] src/linearization_thread.c:linearization_thread():71: Linearização: theta=2.35, v=(-0.88, 0.52) → u=(0.99, 0.86)
[DEBUG] src/sim_thread.c:sim_thread():88: Simulação: x=(0.90, 1.19, 2.37), y=(0.69, 1.39)
[DEBUG] src/linearization_thread.c:linearization_thread():71: Linearização: theta=2.37, v=(-0.88, 0.52) → u=(0.99, 0.77)
[DEBUG] src/control_thread.c:control_thread():82: Controle atualizado: v=(-0.70, 0.42), ym=(0.70, 1.40), y=(0.69, 1.39)
[DEBUG] src/model_ref_x_thread.c:model_ref_x_thread():68: Modelo X: xref=0.40, ymx=0.66, dymx=-0.92
[DEBUG] src/model_ref_y_thread.c:model_ref_y_thread():68: Modelo Y: yref=1.54, ymy=1.42, dymy=0.44
[DEBUG] src/sim_thread.c:sim_thread():88: [DEBUG] src/linearization_thread.c:linearization_thread():71: Linearização: theta=2.40, v=(-0.70, 0.42) → u=(0.80, 0.54)
Simulação: x=(0.88, 1.21, 2.40), y=(0.66, 1.41)
[DEBUG] src/sim_thread.c:sim_thread():88: [DEBUG] src/control_thread.c:control_thread():82: Simulação: x=(0.86, 1.22, 2.41), y=(0.64, 1.42)
[DEBUG] src/model_ref_y_thread.c:model_ref_y_thread():68: Modelo Y: yref=1.54, ymy=1.44, dymy=0.37
[DEBUG] src/model_ref_x_thread.c:model_ref_x_thread():68: Modelo X: xref=0.40, ymx=0.62, dymx=-0.78
[DEBUG] src/linearization_thread.c:linearization_thread():71: Linearização: theta=2.41, v=(-0.87, 0.42) → u=(0.93, 0.88)
Controle atualizado: v=(-0.87, 0.42), ym=(0.66, 1.42), y=(0.64, 1.42)
[DEBUG] src/sim_thread.c:sim_thread():88: Simulação: x=(0.84, 1.24, 2.44), y=(0.61, 1.44)
[DEBUG] src/ref_generator_thread.c:ref_generator_thread():58: [DEBUG] src/linearization_thread.c:linearization_thread():71: Linearização: theta=2.44, v=(-0.87, 0.42) → u=(0.94, 0.80)
Referência atualizada: t=2.20 → xref=0.30, yref=1.56
[DEBUG] src/control_thread.c:control_thread():82: [DEBUG] src/model_ref_y_thread.c:model_ref_y_thread():68: [DEBUG] src/model_ref_x_thread.c:model_ref_x_thread():68: Modelo X: xref=0.30, ymx=0.57, dymx=-0.95
Controle atualizado: v=(-0.77, 0.37), ym=(0.62, 1.44), y=(0.61, 1.44)
Modelo Y: yref=1.56, ymy=1.45, dymy=0.38
[DEBUG] src/sim_thread.c:sim_thread():88: Simulação: x=(0.82, 1.26, 2.46), y=(0.59, 1.45)
[DEBUG] src/linearization_thread.c:linearization_thread():71: Linearização: theta=2.46, v=(-0.77, 0.37) → u=(0.83, 0.64)
[DEBUG] src/sim_thread.c:sim_thread():88: Simulação: x=(0.80, 1.28, 2.48), y=(0.56, 1.46)
[DEBUG] src/linearization_thread.c:linearization_thread():71: Linearização: theta=2.48, v=(-0.77, 0.37) → u=(0.84, 0.59)
[DEBUG] src/control_thread.c:control_thread():82: [DEBUG] src/model_ref_y_thread.c:model_ref_y_thread():68: Modelo Y: yref=1.56, ymy=1.47, dymy=0.33
[DEBUG] src/model_ref_x_thread.c:model_ref_x_thread():68: Modelo X: xref=0.30, ymx=0.53, dymx=-0.81
Controle atualizado: v=(-0.94, 0.37), ym=(0.57, 1.45), y=(0.56, 1.46)
[DEBUG] src/sim_thread.c:sim_thread():88: [DEBUG] src/linearization_thread.c:linearization_thread():71: Linearização: theta=2.50, v=(-0.94, 0.37) → u=(0.98, 0.89)
Simulação: x=(0.78, 1.29, 2.50), y=(0.54, 1.47)
[DEBUG] src/sim_thread.c:sim_thread():88: [DEBUG] src/ref_generator_thread.c:ref_generator_thread():58: Referência atualizada: t=2.30 → xref=0.20, yref=1.58
[DEBUG] src/model_ref_y_thread.c:model_ref_y_thread():68: Modelo Y: yref=1.58, ymy=1.49, dymy=0.32
[DEBUG] src/model_ref_x_thread.c:model_ref_x_thread():68: Modelo X: xref=0.20, ymx=0.48, dymx=-0.99
[DEBUG] src/control_thread.c:control_thread():82: Controle atualizado: v=(-0.77, 0.29), ym=(0.53, 1.47), y=(0.51, 1.48)
Simulação: x=(0.76, 1.31, 2.53), y=(0.51, 1.48)
[DEBUG] src/linearization_thread.c:linearization_thread():71: Linearização: theta=2.53, v=(-0.94, 0.37) → u=(0.98, 0.81)
[DEBUG] src/sim_thread.c:sim_thread():88: Simulação: x=(0.74, 1.32, 2.55), y=(0.49, 1.49)
[DEBUG] src/linearization_thread.c:linearization_thread():71: Linearização: theta=2.53, v=(-0.77, 0.29) → u=(0.80, 0.67)
[DEBUG] src/control_thread.c:control_thread():82: Controle atualizado: v=(-1.00, 0.31), ym=(0.48, 1.49), y=(0.49, 1.49)
[DEBUG] src/model_ref_y_thread.c:model_ref_y_thread():68: [DEBUG] src/model_ref_x_thread.c:model_ref_x_thread():68: Modelo X: xref=0.20, ymx=0.44, dymx=-0.84
Modelo Y: yref=1.58, ymy=1.50, dymy=0.28
[DEBUG] src/sim_thread.c:sim_thread():88: [DEBUG] src/linearization_thread.c:linearization_thread():71: Linearização: theta=2.57, v=(-1.00, 0.31) → u=(1.00, 0.93)
Simulação: x=(0.72, 1.34, 2.57), y=(0.47, 1.50)
[DEBUG] src/sim_thread.c:sim_thread():88: [DEBUG] src/linearization_thread.c:linearization_thread():71: Linearização: theta=2.60, v=(-1.00, 0.31) → u=(1.00, 0.84)
Simulação: x=(0.69, 1.35, 2.60), y=(0.44, 1.51)
[DEBUG] src/control_thread.c:control_thread():82: Controle atualizado: v=(-0.84, 0.25), ym=(0.44, 1.50), y=(0.44, 1.51)
[DEBUG] src/model_ref_y_thread.c:model_ref_y_thread():68: Modelo Y: yref=1.58, ymy=1.51, dymy=0.23
[DEBUG] src/model_ref_x_thread.c:model_ref_x_thread():68: Modelo X: xref=0.20, ymx=0.40, dymx=-0.71
[DEBUG] src/sim_thread.c:sim_thread():88: Simulação: x=(0.67, 1.37, 2.62), y=(0.41, 1.52)
[DEBUG] src/linearization_thread.c:linearization_thread():71: Linearização: theta=2.62, v=(-0.84, 0.25) → u=(0.86, 0.66)
[DEBUG] src/ref_generator_thread.c:ref_generator_thread():58: Referência atualizada: t=2.50 → xref=-0.00, yref=1.59
[DEBUG] src/control_thread.c:control_thread():82: Controle atualizado: v=(-0.73, 0.22), ym=(0.40, 1.51), y=(0.41, 1.52)
[DEBUG] src/model_ref_x_thread.c:model_ref_x_thread():68: Modelo X: xref=-0.00, ymx=0.34, dymx=-1.20
[DEBUG] src/sim_thread.c:sim_thread():88: Simulação: x=(0.65, 1.38, 2.64), y=(0.39, 1.52)
[DEBUG] src/linearization_thread.c:linearization_thread():71: Linearização: theta=2.62, v=(-0.73, 0.22) → u=(0.75, 0.58)
[DEBUG] src/model_ref_y_thread.c:model_ref_y_thread():68: Modelo Y: yref=1.59, ymy=1.52, dymy=0.24
[DEBUG] src/sim_thread.c:sim_thread():88: Simulação: x=(0.63, 1.39, 2.65), y=(0.36, 1.53)
[DEBUG] src/linearization_thread.c:linearization_thread():71: Linearização: theta=2.65, v=(-0.73, 0.22) → u=(0.75, 0.49)
[DEBUG] src/control_thread.c:control_thread():82: Controle atualizado: v=(-1.00, 0.22), ym=(0.34, 1.52), y=(0.36, 1.53)
[DEBUG] src/model_ref_y_thread.c:model_ref_y_thread():68: [DEBUG] src/model_ref_x_thread.c:model_ref_x_thread():68: Modelo X: xref=-0.00, ymx=0.29, dymx=-1.02
Modelo Y: yref=1.59, ymy=1.53, dymy=0.20
[DEBUG] src/sim_thread.c:sim_thread():88: Simulação: x=(0.61, 1.40, 2.67), y=(0.34, 1.54)
[DEBUG] src/linearization_thread.c:linearization_thread():71: Linearização: theta=2.67, v=(-1.00, 0.22) → u=(0.99, 0.86)
[DEBUG] src/ref_generator_thread.c:ref_generator_thread():58: Referência atualizada: t=2.60 → xref=-0.10, yref=1.59
[DEBUG] src/sim_thread.c:sim_thread():88: Simulação: x=(0.58, 1.41, 2.70), y=(0.31, 1.54)
[DEBUG] src/linearization_thread.c:linearization_thread():71: Linearização: theta=2.70, v=(-1.00, 0.22) → u=(1.00, 0.78)
[DEBUG] src/control_thread.c:control_thread():82: Controle atualizado: v=(-1.00, 0.18), ym=(0.29, 1.53), y=(0.31, 1.54)
[DEBUG] src/model_ref_y_thread.c:model_ref_y_thread():68: Modelo Y: yref=1.59, ymy=1.54, dymy=0.16
[DEBUG] src/model_ref_x_thread.c:model_ref_x_thread():68: Modelo X: xref=-0.10, ymx=0.23, dymx=-1.17
[DEBUG] src/linearization_thread.c:linearization_thread():71: Linearização: theta=2.72, v=(-1.00, 0.18) → u=(0.98, 0.83)
[DEBUG] src/sim_thread.c:sim_thread():88: Simulação: x=(0.56, 1.43, 2.72), y=(0.28, 1.55)
[DEBUG] src/sim_thread.c:sim_thread():88: Simulação: x=(0.53, 1.44, 2.74), y=(0.25, 1.55)
[DEBUG] src/linearization_thread.c:linearization_thread():71: Linearização: theta=2.74, v=(-1.00, 0.18) → u=(0.99, 0.75)
[DEBUG] src/control_thread.c:control_thread():82: Controle atualizado: v=(-1.00, 0.12), ym=(0.23, 1.54), y=(0.25, 1.55)
[DEBUG] src/model_ref_y_thread.c:model_ref_y_thread():68: Modelo Y: yref=1.59, ymy=1.55, dymy=0.14
[DEBUG] src/model_ref_x_thread.c:model_ref_x_thread():68: Modelo X: xref=-0.10, ymx=0.18, dymx=-0.99
[DEBUG] src/sim_thread.c:sim_thread():88: Simulação: x=(0.50, 1.45, 2.77), y=(0.22, 1.56)
[DEBUG] src/linearization_thread.c:linearization_thread():71: Linearização: theta=2.77, v=(-1.00, 0.12) → u=(0.98, 0.83)
[DEBUG] src/control_thread.c:control_thread():82: Controle atualizado: v=(-1.00, 0.11), ym=(0.18, 1.55), y=(0.22, 1.56)
[DEBUG] src/model_ref_x_thread.c:model_ref_x_thread():68: Modelo X: xref=-0.10, ymx=0.14, dymx=-0.85
[DEBUG] src/model_ref_y_thread.c:model_ref_y_thread():68: Modelo Y: yref=1.59, ymy=1.56, dymy=0.12
[DEBUG] src/sim_thread.c:sim_thread():88: Simulação: x=(0.47, 1.46, 2.79), y=(0.19, 1.56)
[DEBUG] src/ref_generator_thread.c:ref_generator_thread():58: Referência atualizada: t=2.70 → xref=-0.20, yref=1.58
[DEBUG] src/linearization_thread.c:linearization_thread():71: Linearização: theta=2.79, v=(-1.00, 0.11) → u=(0.98, 0.81)
[DEBUG] src/sim_thread.c:sim_thread():88: [DEBUG] src/linearization_thread.c:linearization_thread():71: Linearização: theta=2.82, v=(-1.00, 0.11) → u=(0.98, 0.73)
Simulação: x=(0.45, 1.47, 2.82), y=(0.16, 1.57)
[DEBUG] src/control_thread.c:control_thread():82: [DEBUG] src/model_ref_y_thread.c:model_ref_y_thread():68: Modelo Y: yref=1.58, ymy=1.56, dymy=0.07
[DEBUG] src/model_ref_x_thread.c:model_ref_x_thread():68: Modelo X: xref=-0.20, ymx=0.09, dymx=-1.02
Controle atualizado: v=(-0.91, 0.08), ym=(0.14, 1.56), y=(0.16, 1.57)
[DEBUG] src/sim_thread.c:sim_thread():88: [DEBUG] src/linearization_thread.c:linearization_thread():71: Linearização: theta=2.84, v=(-0.91, 0.08) → u=(0.90, 0.65)
Simulação: x=(0.42, 1.48, 2.84), y=(0.13, 1.57)
[DEBUG] src/sim_thread.c:sim_thread():88: Simulação: x=(0.39, 1.49, 2.86), y=(0.11, 1.57)
[DEBUG] src/control_thread.c:control_thread():82: [DEBUG] src/linearization_thread.c:linearization_thread():71: Linearização: theta=2.86, v=(-1.00, 0.03) → u=(0.97, 0.84)
[DEBUG] src/model_ref_y_thread.c:model_ref_y_thread():68: Modelo Y: yref=1.58, ymy=1.56, dymy=0.06
Controle atualizado: v=(-1.00, 0.03), ym=(0.09, 1.56), y=(0.11, 1.57)
[DEBUG] src/model_ref_x_thread.c:model_ref_x_thread():68: Modelo X: xref=-0.20, ymx=0.05, dymx=-0.86
[DEBUG] src/sim_thread.c:sim_thread():88: Simulação: x=(0.37, 1.50, 2.88), y=(0.08, 1.57)
[DEBUG] src/linearization_thread.c:linearization_thread():71: Linearização: theta=2.88, v=(-1.00, 0.03) → u=(0.97, 0.76)
[DEBUG] src/ref_generator_thread.c:ref_generator_thread():58: Referência atualizada: t=2.80 → xref=-0.30, yref=1.56
[DEBUG] src/control_thread.c:control_thread():82: Controle atualizado: v=(-0.95, 0.03), ym=(0.05, 1.56), y=(0.08, 1.57)
[DEBUG] src/model_ref_y_thread.c:model_ref_y_thread():68: Modelo Y: yref=1.56, ymy=1.56, dymy=0.00
[DEBUG] src/model_ref_x_thread.c:model_ref_x_thread():68: Modelo X: xref=-0.30, ymx=-0.01, dymx=-1.03
[DEBUG] src/sim_thread.c:sim_thread():88: Simulação: x=(0.34, 1.50, 2.91), y=(0.05, 1.57)
[DEBUG] src/linearization_thread.c:linearization_thread():71: Linearização: theta=2.91, v=(-0.95, 0.03) → u=(0.93, 0.66)
[DEBUG] src/sim_thread.c:sim_thread():88: Simulação: x=(0.31, 1.51, 2.92), y=(0.02, 1.58)
[DEBUG] src/linearization_thread.c:linearization_thread():71: Linearização: theta=2.92, v=(-0.95, 0.03) → u=(0.94, 0.60)
[DEBUG] src/control_thread.c:control_thread():82: Controle atualizado: v=(-1.00, -0.03), ym=(-0.01, 1.56), y=(0.02, 1.58)
[DEBUG] src/model_ref_y_thread.c:model_ref_y_thread():68: Modelo Y: yref=1.56, ymy=1.56, dymy=0.00
[DEBUG] src/model_ref_x_thread.c:model_ref_x_thread():68: Modelo X: xref=-0.30, ymx=-0.05, dymx=-0.88
[DEBUG] src/sim_thread.c:sim_thread():88: Simulação: x=(0.28, 1.52, 2.94), y=(-0.01, 1.58)
[DEBUG] src/linearization_thread.c:linearization_thread():71: Linearização: theta=2.94, v=(-1.00, -0.03) → u=(0.97, 0.77)
[DEBUG] src/sim_thread.c:sim_thread():88: [DEBUG] src/ref_generator_thread.c:ref_generator_thread():58: Referência atualizada: t=2.90 → xref=-0.40, yref=1.54
[DEBUG] src/linearization_thread.c:linearization_thread():71: [DEBUG] src/model_ref_y_thread.c:model_ref_y_thread():68: Modelo Y: yref=1.54, ymy=1.56, dymy=-0.06
[DEBUG] src/control_thread.c:control_thread():82: Controle atualizado: v=(-0.90, -0.03), ym=(-0.05, 1.56), y=(-0.04, 1.57)
Simulação: x=(0.25, 1.52, 2.97), y=(-0.04, 1.57)
[DEBUG] src/model_ref_x_thread.c:model_ref_x_thread():68: Modelo X: xref=-0.40, ymx=-0.10, dymx=-1.04
Linearização: theta=2.97, v=(-0.90, -0.03) → u=(0.88, 0.64)
[DEBUG] src/sim_thread.c:sim_thread():88: Simulação: x=(0.23, 1.53, 2.99), y=(-0.07, 1.57)
[DEBUG] src/linearization_thread.c:linearization_thread():71: Linearização: theta=2.99, v=(-0.90, -0.03) → u=(0.89, 0.58)
[DEBUG] src/control_thread.c:control_thread():82: Controle atualizado: v=(-1.00, -0.11), ym=(-0.10, 1.56), y=(-0.07, 1.57)
[DEBUG] src/model_ref_y_thread.c:model_ref_y_thread():68: Modelo Y: yref=1.54, ymy=1.56, dymy=-0.05
[DEBUG] src/model_ref_x_thread.c:model_ref_x_thread():68: Modelo X: xref=-0.40, ymx=-0.15, dymx=-0.88
[DEBUG] src/sim_thread.c:sim_thread():88: Simulação: x=(0.20, 1.53, 3.00), y=(-0.10, 1.57)
[DEBUG] src/linearization_thread.c:linearization_thread():71: Linearização: theta=3.00, v=(-1.00, -0.11) → u=(0.98, 0.81)
[DEBUG] src/sim_thread.c:sim_thread():88: Simulação: x=(0.17, 1.54, 3.03), y=(-0.13, 1.57)
[DEBUG] src/linearization_thread.c:linearization_thread():71: Linearização: theta=3.03, v=(-1.00, -0.11) → u=(0.98, 0.73)
[DEBUG] src/control_thread.c:control_thread():82: [DEBUG] src/model_ref_y_thread.c:model_ref_y_thread():68: [DEBUG] src/model_ref_x_thread.c:model_ref_x_thread():68: Modelo X: xref=-0.40, ymx=-0.18, dymx=-0.75
Modelo Y: yref=1.54, ymy=1.55, dymy=-0.05
Controle atualizado: v=(-0.94, -0.09), ym=(-0.15, 1.56), y=(-0.13, 1.57)
[DEBUG] src/linearization_thread.c:linearization_thread():71: Linearização: theta=3.03, v=(-0.94, -0.09) → u=(0.93, 0.66)
[DEBUG] src/sim_thread.c:sim_thread():88: [DEBUG] src/ref_generator_thread.c:ref_generator_thread():58: Referência atualizada: t=3.10 → xref=-0.59, yref=1.48
Simulação: x=(0.14, 1.54, 3.05), y=(-0.16, 1.57)
[DEBUG] src/sim_thread.c:sim_thread():88: [DEBUG] src/model_ref_x_thread.c:model_ref_x_thread():68: Modelo X: xref=-0.59, ymx=-0.24, dymx=-1.21
Simulação: x=(0.12, 1.54, 3.07), y=(-0.18, 1.56)
[DEBUG] src/linearization_thread.c:linearization_thread():71: Linearização: theta=3.07, v=(-0.75, -0.07) → u=(0.74, 0.42)
[DEBUG] src/model_ref_y_thread.c:model_ref_y_thread():68: Modelo Y: yref=1.48, ymy=1.54, dymy=-0.22
[DEBUG] src/control_thread.c:control_thread():82: Controle atualizado: v=(-0.75, -0.07), ym=(-0.18, 1.55), y=(-0.18, 1.56)
[DEBUG] src/sim_thread.c:sim_thread():88: Simulação: x=(0.09, 1.54, 3.08), y=(-0.21, 1.56)
[DEBUG] src/linearization_thread.c:linearization_thread():71: Linearização: theta=3.08, v=(-0.75, -0.07) → u=(0.74, 0.39)
[DEBUG] src/control_thread.c:control_thread():82: Controle atualizado: v=(-1.00, -0.28), ym=(-0.24, 1.54), y=(-0.21, 1.56)
[DEBUG] src/model_ref_y_thread.c:model_ref_y_thread():68: Modelo Y: yref=1.48, ymy=1.53, dymy=-0.19
[DEBUG] src/model_ref_x_thread.c:model_ref_x_thread():68: Modelo X: xref=-0.59, ymx=-0.30, dymx=-1.03
[DEBUG] src/sim_thread.c:sim_thread():88: Simulação: x=(0.07, 1.54, 3.09), y=(-0.23, 1.56)
[DEBUG] src/linearization_thread.c:linearization_thread():71: Linearização: theta=3.09, v=(-1.00, -0.28) → u=(0.99, 1.08)
[DEBUG] src/sim_thread.c:sim_thread():88: [DEBUG] src/ref_generator_thread.c:ref_generator_thread():58: Referência atualizada: t=3.20 → xref=-0.68, yref=1.44
Simulação: x=(0.04, 1.55, 3.13), y=(-0.26, 1.55)
[DEBUG] src/linearization_thread.c:linearization_thread():71: Linearização: theta=3.13, v=(-1.00, -0.28) → u=(1.00, 0.98)
[DEBUG] src/control_thread.c:control_thread():82: Controle atualizado: v=(-1.00, -0.24), ym=(-0.30, 1.53), y=(-0.26, 1.55)
[DEBUG] src/model_ref_y_thread.c:model_ref_y_thread():68: Modelo Y: yref=1.44, ymy=1.52, dymy=-0.28
[DEBUG] src/model_ref_x_thread.c:model_ref_x_thread():68: Modelo X: xref=-0.68, ymx=-0.35, dymx=-1.15
[DEBUG] src/sim_thread.c:sim_thread():88: Simulação: x=(0.01, 1.55, -3.13), y=(-0.29, 1.54)
[DEBUG] src/linearization_thread.c:linearization_thread():71: Linearização: theta=-3.13, v=(-1.00, -0.24) → u=(1.00, 0.76)
[DEBUG] src/sim_thread.c:sim_thread():88: Simulação: x=(-0.02, 1.55, -3.11), y=(-0.32, 1.53)
[DEBUG] src/model_ref_x_thread.c:model_ref_x_thread():68: [DEBUG] src/linearization_thread.c:linearization_thread():71: Linearização: theta=-3.11, v=(-1.00, -0.33) → u=(1.00, 0.97)
[DEBUG] src/model_ref_y_thread.c:model_ref_y_thread():68: Modelo Y: yref=1.44, ymy=1.51, dymy=-0.24
Modelo X: xref=-0.68, ymx=-0.40, dymx=-0.98
[DEBUG] src/control_thread.c:control_thread():82: Controle atualizado: v=(-1.00, -0.33), ym=(-0.35, 1.52), y=(-0.32, 1.53)
[DEBUG] src/sim_thread.c:sim_thread():88: Simulação: x=(-0.05, 1.54, -3.08), y=(-0.35, 1.53)
[DEBUG] src/linearization_thread.c:linearization_thread():71: Linearização: theta=-3.08, v=(-1.00, -0.33) → u=(1.00, 0.87)
[DEBUG] src/control_thread.c:control_thread():82: Controle atualizado: v=(-1.00, -0.29), ym=(-0.40, 1.51), y=(-0.35, 1.53)
[DEBUG] src/model_ref_y_thread.c:model_ref_y_thread():68: [DEBUG] src/model_ref_x_thread.c:model_ref_x_thread():68: Modelo X: xref=-0.68, ymx=-0.44, dymx=-0.83
Modelo Y: yref=1.44, ymy=1.50, dymy=-0.20
[DEBUG] src/sim_thread.c:sim_thread():88: Simulação: x=(-0.08, 1.54, -3.05), y=(-0.38, 1.52)
[DEBUG] src/ref_generator_thread.c:ref_generator_thread():58: Referência atualizada: t=3.30 → xref=-0.77, yref=1.39
[DEBUG] src/linearization_thread.c:linearization_thread():71: Linearização: theta=-3.05, v=(-1.00, -0.29) → u=(1.00, 0.66)
[DEBUG] src/sim_thread.c:sim_thread():88: [DEBUG] src/linearization_thread.c:linearization_thread():71: Linearização: theta=-3.03, v=(-1.00, -0.29) → u=(1.00, 0.59)
Simulação: x=(-0.11, 1.54, -3.03), y=(-0.41, 1.51)
[DEBUG] src/control_thread.c:control_thread():82: Controle atualizado: v=(-0.94, -0.23), ym=(-0.44, 1.50), y=(-0.41, 1.51)
[DEBUG] src/model_ref_y_thread.c:model_ref_y_thread():68: Modelo Y: yref=1.39, ymy=1.48, dymy=-0.31
[DEBUG] src/model_ref_x_thread.c:model_ref_x_thread():68: Modelo X: xref=-0.77, ymx=-0.49, dymx=-0.97
[DEBUG] src/linearization_thread.c:linearization_thread():71: Linearização: theta=-3.03, v=(-0.94, -0.23) → u=(0.96, 0.42)
[DEBUG] src/sim_thread.c:sim_thread():88: Simulação: x=(-0.14, 1.54, -3.02), y=(-0.43, 1.50)
[DEBUG] src/control_thread.c:control_thread():82: [DEBUG] src/model_ref_y_thread.c:model_ref_y_thread():68: Modelo Y: yref=1.39, ymy=1.47, dymy=-0.26
[DEBUG] src/linearization_thread.c:linearization_thread():71: Linearização: theta=-3.01, v=(-1.00, -0.36) → u=(1.00, 0.74)
Controle atualizado: v=(-1.00, -0.36), ym=(-0.49, 1.48), y=(-0.43, 1.50)
[DEBUG] src/sim_thread.c:sim_thread():88: Simulação: x=(-0.17, 1.53, -3.01), y=(-0.46, 1.49)
[DEBUG] src/model_ref_x_thread.c:model_ref_x_thread():68: Modelo X: xref=-0.77, ymx=-0.53, dymx=-0.83
[DEBUG] src/sim_thread.c:sim_thread():88: Simulação: x=(-0.19, 1.53, -2.98), y=(-0.49, 1.48)
[DEBUG] src/linearization_thread.c:linearization_thread():71: Linearização: theta=-2.98, v=(-1.00, -0.36) → u=(1.00, 0.67)
[DEBUG] src/ref_generator_thread.c:ref_generator_thread():58: Referência atualizada: t=3.40 → xref=-0.85, yref=1.34
[DEBUG] src/control_thread.c:control_thread():82: Controle atualizado: v=(-0.95, -0.30), ym=(-0.53, 1.47), y=(-0.49, 1.48)
[DEBUG] src/model_ref_y_thread.c:model_ref_y_thread():68: Modelo Y: yref=1.34, ymy=1.45, dymy=-0.38
[DEBUG] src/model_ref_x_thread.c:model_ref_x_thread():68: Modelo X: xref=-0.85, ymx=-0.58, dymx=-0.96
[DEBUG] src/sim_thread.c:sim_thread():88: Simulação: x=(-0.22, 1.52, -2.96), y=(-0.52, 1.47)
[DEBUG] src/linearization_thread.c:linearization_thread():71: Linearização: theta=-2.96, v=(-0.95, -0.30) → u=(0.99, 0.43)
